<?xml version="1.0" encoding="UTF-8"?>
<!-- Generated by org.testng.reporters.JUnitXMLReporter -->
<testsuite ignored="0" hostname="justdamnLIT" failures="0" tests="3" name="Default test" time="28.523" errors="0" timestamp="2024-04-09T00:32:25 ICT">
  <testcase classname="TestRegisterMuabantinhbien" name="testLoginMuaBanTinhBien" time="9.174"/>
  <testcase classname="TestRegisterMuabantinhbien" name="testLoginMuaBanTinhBien" time="8.594"/>
  <testcase classname="TestRegisterMuabantinhbien" name="testLoginMuaBanTinhBien" time="9.934"/>
</testsuite> <!-- Default test -->
